Using pre-set license
Built from '2021.3/evg/staging/82bb020e-b03b1330/draft-0' branch; Version is '2021.3.16f1 (4016570cf34f) revision 4200023'; Using compiler version '192829333'; Build Type 'Release'
OS: 'Windows 11  (10.0.22621) 64bit Core' Language: 'en' Physical Memory: 7381 MB
BatchMode: 1, IsHumanControllingUs: 0, StartBugReporterOnCrash: 0, Is64bit: 1, IsPro: 1

COMMAND LINE ARGUMENTS:
C:\Program Files\Unity\Hub\Editor\2021.3.16f1\Editor\Unity.exe
-adb2
-batchMode
-noUpm
-name
AssetImportWorker0
-projectPath
C:/Users/kole2/GameClient/AsymmetricAttackGame
-logFile
Logs/AssetImportWorker0.log
-srvPort
52419
Successfully changed project path to: C:/Users/kole2/GameClient/AsymmetricAttackGame
C:/Users/kole2/GameClient/AsymmetricAttackGame
[UnityMemory] Configuration Parameters - Can be set up in boot.config
    "memorysetup-bucket-allocator-granularity=16"
    "memorysetup-bucket-allocator-bucket-count=8"
    "memorysetup-bucket-allocator-block-size=33554432"
    "memorysetup-bucket-allocator-block-count=8"
    "memorysetup-main-allocator-block-size=16777216"
    "memorysetup-thread-allocator-block-size=16777216"
    "memorysetup-gfx-main-allocator-block-size=16777216"
    "memorysetup-gfx-thread-allocator-block-size=16777216"
    "memorysetup-cache-allocator-block-size=4194304"
    "memorysetup-typetree-allocator-block-size=2097152"
    "memorysetup-profiler-bucket-allocator-granularity=16"
    "memorysetup-profiler-bucket-allocator-bucket-count=8"
    "memorysetup-profiler-bucket-allocator-block-size=33554432"
    "memorysetup-profiler-bucket-allocator-block-count=8"
    "memorysetup-profiler-allocator-block-size=16777216"
    "memorysetup-profiler-editor-allocator-block-size=1048576"
    "memorysetup-temp-allocator-size-main=16777216"
    "memorysetup-job-temp-allocator-block-size=2097152"
    "memorysetup-job-temp-allocator-block-size-background=1048576"
    "memorysetup-job-temp-allocator-reduction-small-platforms=262144"
    "memorysetup-temp-allocator-size-background-worker=32768"
    "memorysetup-temp-allocator-size-job-worker=262144"
    "memorysetup-temp-allocator-size-preload-manager=33554432"
    "memorysetup-temp-allocator-size-nav-mesh-worker=65536"
    "memorysetup-temp-allocator-size-audio-worker=65536"
    "memorysetup-temp-allocator-size-cloud-worker=32768"
    "memorysetup-temp-allocator-size-gi-baking-worker=262144"
    "memorysetup-temp-allocator-size-gfx=262144"
Player connection [11096] Host "[IP] 169.254.40.23 [Port] 0 [Flags] 2 [Guid] 2984285526 [EditorId] 2984285526 [Version] 1048832 [Id] WindowsEditor(7,LAPTOP-T9KL48O4) [Debug] 1 [PackageName] WindowsEditor [ProjectName] Editor" joined multi-casting on [225.0.0.222:54997]...

Player connection [11096] Host "[IP] 169.254.40.23 [Port] 0 [Flags] 2 [Guid] 2984285526 [EditorId] 2984285526 [Version] 1048832 [Id] WindowsEditor(7,LAPTOP-T9KL48O4) [Debug] 1 [PackageName] WindowsEditor [ProjectName] Editor" joined alternative multi-casting on [225.0.0.222:34997]...

Refreshing native plugins compatible for Editor in 106.27 ms, found 10 plugins.
[XR] InterceptOpenXR::UnityPluginLoadPreloading 1 native plugins for Editor in 1.00 ms.
Initialize engine version: 2021.3.16f1 (4016570cf34f)
[Subsystems] Discovering subsystems at path C:/Program Files/Unity/Hub/Editor/2021.3.16f1/Editor/Data/Resources/UnitySubsystems
[Subsystems] Discovering subsystems at path C:/Users/kole2/GameClient/AsymmetricAttackGame/Assets
GfxDevice: creating device client; threaded=0; jobified=0
Direct3D:
    Version:  Direct3D 11.0 [level 11.1]
    Renderer: NVIDIA GeForce RTX 2050 (ID=0x25ad)
    Vendor:   NVIDIA
    VRAM:     3977 MB
    Driver:   31.0.15.2892
Initialize mono
Mono path[0] = 'C:/Program Files/Unity/Hub/Editor/2021.3.16f1/Editor/Data/Managed'
Mono path[1] = 'C:/Program Files/Unity/Hub/Editor/2021.3.16f1/Editor/Data/MonoBleedingEdge/lib/mono/unityjit-win32'
Mono config path = 'C:/Program Files/Unity/Hub/Editor/2021.3.16f1/Editor/Data/MonoBleedingEdge/etc'
Using monoOptions --debugger-agent=transport=dt_socket,embedding=1,server=y,suspend=n,address=127.0.0.1:56492
Begin MonoManager ReloadAssembly
Registering precompiled unity dll's ...
Register platform support module: C:/Program Files/Unity/Hub/Editor/2021.3.16f1/Editor/Data/PlaybackEngines/WindowsStandaloneSupport/UnityEditor.WindowsStandalone.Extensions.dll
Registered in 0.003341 seconds.
Native extension for WindowsStandalone target not found
Refreshing native plugins compatible for Editor in 84.57 ms, found 10 plugins.
Preloading 1 native plugins for Editor in 0.08 ms.
Mono: successfully reloaded assembly
- Completed reload, in  0.586 seconds
Domain Reload Profiling:
	ReloadAssembly (587ms)
		BeginReloadAssembly (64ms)
			ExecutionOrderSort (0ms)
			DisableScriptedObjects (0ms)
			BackupInstance (0ms)
			ReleaseScriptingObjects (0ms)
			CreateAndSetChildDomain (1ms)
		EndReloadAssembly (436ms)
			LoadAssemblies (62ms)
			RebuildTransferFunctionScriptingTraits (0ms)
			SetupTypeCache (90ms)
			ReleaseScriptCaches (0ms)
			RebuildScriptCaches (26ms)
			SetupLoadedEditorAssemblies (265ms)
				LogAssemblyErrors (0ms)
				InitializePlatformSupportModulesInManaged (6ms)
				SetLoadedEditorAssemblies (0ms)
				RefreshPlugins (85ms)
				BeforeProcessingInitializeOnLoad (1ms)
				ProcessInitializeOnLoadAttributes (132ms)
				ProcessInitializeOnLoadMethodAttributes (42ms)
				AfterProcessingInitializeOnLoad (0ms)
				EditorAssembliesLoaded (0ms)
			ExecutionOrderSort2 (0ms)
			AwakeInstancesAfterBackupRestoration (0ms)
Platform modules already initialized, skipping
Registering precompiled user dll's ...
Registered in 0.009276 seconds.
Begin MonoManager ReloadAssembly
Native extension for WindowsStandalone target not found
Refreshing native plugins compatible for Editor in 91.15 ms, found 10 plugins.
Preloading 1 native plugins for Editor in 0.18 ms.
Package Manager log level set to [2]
Mono: successfully reloaded assembly
- Completed reload, in  1.196 seconds
Domain Reload Profiling:
	ReloadAssembly (1197ms)
		BeginReloadAssembly (106ms)
			ExecutionOrderSort (0ms)
			DisableScriptedObjects (5ms)
			BackupInstance (0ms)
			ReleaseScriptingObjects (0ms)
			CreateAndSetChildDomain (20ms)
		EndReloadAssembly (972ms)
			LoadAssemblies (91ms)
			RebuildTransferFunctionScriptingTraits (0ms)
			SetupTypeCache (269ms)
			ReleaseScriptCaches (1ms)
			RebuildScriptCaches (54ms)
			SetupLoadedEditorAssemblies (530ms)
				LogAssemblyErrors (0ms)
				InitializePlatformSupportModulesInManaged (3ms)
				SetLoadedEditorAssemblies (0ms)
				RefreshPlugins (91ms)
				BeforeProcessingInitializeOnLoad (103ms)
				ProcessInitializeOnLoadAttributes (290ms)
				ProcessInitializeOnLoadMethodAttributes (38ms)
				AfterProcessingInitializeOnLoad (5ms)
				EditorAssembliesLoaded (0ms)
			ExecutionOrderSort2 (0ms)
			AwakeInstancesAfterBackupRestoration (5ms)
Platform modules already initialized, skipping
========================================================================
Worker process is ready to serve import requests
Launched and connected shader compiler UnityShaderCompiler.exe after 0.05 seconds
Refreshing native plugins compatible for Editor in 2.13 ms, found 10 plugins.
Preloading 1 native plugins for Editor in 0.14 ms.
Unloading 4862 Unused Serialized files (Serialized files now loaded: 0)
Unloading 60 unused Assets / (59.1 KB). Loaded Objects now: 5329.
Memory consumption went from 173.7 MB to 173.6 MB.
Total: 3.861800 ms (FindLiveObjects: 0.454400 ms CreateObjectMapping: 0.230000 ms MarkObjects: 3.063600 ms  DeleteObjects: 0.110400 ms)

AssetImportParameters requested are different than current active one (requested -> active):
  custom:video-decoder-ogg-theora: a1e56fd34408186e4bbccfd4996cb3dc -> 
  custom:container-muxer-webm: aa71ff27fc2769a1b78a27578f13a17b -> 
  custom:container-demuxer-webm: 4f35f7cbe854078d1ac9338744f61a02 -> 
  custom:video-encoder-webm-vp8: eb34c28f22e8b96e1ab97ce403110664 -> 
  custom:audio-encoder-webm-vorbis: bf7c407c2cedff20999df2af8eb42d56 -> 
  custom:framework-win-MediaFoundation: 216162199b28c13a410421893ffa2e32 -> 
  custom:container-demuxer-ogg: 62fdf1f143b41e24485cea50d1cbac27 -> 
  custom:video-decoder-webm-vp8: 9c59270c3fd7afecdb556c50c9e8de78 -> 
  custom:audio-decoder-ogg-vorbis: bf7c407c2cedff20999df2af8eb42d56 -> 
========================================================================
Received Import Request.
  Time since last request: 6475.857777 seconds.
  path: Assets
  artifactKey: Guid(00000000000000001000000000000000) Importer(815301076,1909f56bfc062723c751e8b465ee728b)
Start importing Assets using Guid(00000000000000001000000000000000) Importer(815301076,1909f56bfc062723c751e8b465ee728b)  -> (artifact id: '79842766b460edbeab6a34051e857a80') in 0.018276 seconds 
========================================================================
Received Import Request.
  Time since last request: 7.825809 seconds.
  path: Assets/Map
  artifactKey: Guid(94b4cf81bda3caa42925824e89e419fa) Importer(815301076,1909f56bfc062723c751e8b465ee728b)
Start importing Assets/Map using Guid(94b4cf81bda3caa42925824e89e419fa) Importer(815301076,1909f56bfc062723c751e8b465ee728b)  -> (artifact id: 'a8379ac9b38875f6524c44d2f22b11ca') in 0.007207 seconds 
========================================================================
Received Import Request.
  Time since last request: 3.384145 seconds.
  path: Assets/Plugins
  artifactKey: Guid(a3397ca59aa2845d9b6915a23e597665) Importer(815301076,1909f56bfc062723c751e8b465ee728b)
Start importing Assets/Plugins using Guid(a3397ca59aa2845d9b6915a23e597665) Importer(815301076,1909f56bfc062723c751e8b465ee728b)  -> (artifact id: 'f592cfdb1b90b4106b2fc13f21061e26') in 0.007716 seconds 
========================================================================
Received Import Request.
  Time since last request: 257.737725 seconds.
  path: Assets/Map/Assembly 1.obj
  artifactKey: Guid(7147cbfe6ab495447859f3c7eef9e0b5) Importer(815301076,1909f56bfc062723c751e8b465ee728b)
Start importing Assets/Map/Assembly 1.obj using Guid(7147cbfe6ab495447859f3c7eef9e0b5) Importer(815301076,1909f56bfc062723c751e8b465ee728b)  -> (artifact id: '35e2c08e06fe74e35eaacdde08afcc4d') in 0.349096 seconds 
========================================================================
Received Import Request.
  Time since last request: 342.617356 seconds.
  path: Assets/Map/Prefabs
  artifactKey: Guid(08cf47f912bef334780a285fccc85706) Importer(815301076,1909f56bfc062723c751e8b465ee728b)
Start importing Assets/Map/Prefabs using Guid(08cf47f912bef334780a285fccc85706) Importer(815301076,1909f56bfc062723c751e8b465ee728b)  -> (artifact id: '7f9e8beb0e7d0ec8800452e29ee3b976') in 0.006682 seconds 
========================================================================
Received Import Request.
  Time since last request: 13.831519 seconds.
  path: Assets/Map/Prefabs/Full Map.prefab
  artifactKey: Guid(0365bf8938ddf524b90920603a6ab6ce) Importer(815301076,1909f56bfc062723c751e8b465ee728b)
Start importing Assets/Map/Prefabs/Full Map.prefab using Guid(0365bf8938ddf524b90920603a6ab6ce) Importer(815301076,1909f56bfc062723c751e8b465ee728b)  -> (artifact id: 'c5e0b91d4c54c0ca1f6ae8ba4a9046cd') in 0.025844 seconds 
